<?xml version="1.0" encoding="UTF-8"?>
<testng-results skipped="0" failed="0" total="2" passed="2">
  <reporter-output>
  </reporter-output>
  <suite name="Default suite" duration-ms="32" started-at="2018-03-31T10:00:47Z" finished-at="2018-03-31T10:00:47Z">
    <groups>
    </groups>
    <test name="Default test" duration-ms="32" started-at="2018-03-31T10:00:47Z" finished-at="2018-03-31T10:00:47Z">
      <class name="testNGPackage.Test1">
        <test-method status="PASS" signature="beforeClass()[pri:0, instance:testNGPackage.Test1@5724c22f]" name="beforeClass" is-config="true" duration-ms="0" started-at="2018-03-31T15:30:47Z" finished-at="2018-03-31T15:30:47Z">
          <reporter-output>
          </reporter-output>
        </test-method> <!-- beforeClass -->
        <test-method status="PASS" signature="testMethod()[pri:0, instance:testNGPackage.Test1@5724c22f]" name="testMethod" duration-ms="0" started-at="2018-03-31T15:30:47Z" finished-at="2018-03-31T15:30:47Z">
          <reporter-output>
          </reporter-output>
        </test-method> <!-- testMethod -->
        <test-method status="PASS" signature="afterClass()[pri:0, instance:testNGPackage.Test1@5724c22f]" name="afterClass" is-config="true" duration-ms="0" started-at="2018-03-31T15:30:47Z" finished-at="2018-03-31T15:30:47Z">
          <reporter-output>
          </reporter-output>
        </test-method> <!-- afterClass -->
      </class> <!-- testNGPackage.Test1 -->
      <class name="testNGPackage.Test2">
        <test-method status="PASS" signature="beforeTest()[pri:0, instance:testNGPackage.Test2@f57f347]" name="beforeTest" is-config="true" duration-ms="0" started-at="2018-03-31T15:30:47Z" finished-at="2018-03-31T15:30:47Z">
          <reporter-output>
          </reporter-output>
        </test-method> <!-- beforeTest -->
        <test-method status="PASS" signature="beforeClass()[pri:0, instance:testNGPackage.Test2@f57f347]" name="beforeClass" is-config="true" duration-ms="0" started-at="2018-03-31T15:30:47Z" finished-at="2018-03-31T15:30:47Z">
          <reporter-output>
          </reporter-output>
        </test-method> <!-- beforeClass -->
        <test-method status="PASS" signature="testMethod()[pri:0, instance:testNGPackage.Test2@f57f347]" name="testMethod" duration-ms="0" started-at="2018-03-31T15:30:47Z" finished-at="2018-03-31T15:30:47Z">
          <reporter-output>
          </reporter-output>
        </test-method> <!-- testMethod -->
        <test-method status="PASS" signature="afterClass()[pri:0, instance:testNGPackage.Test2@f57f347]" name="afterClass" is-config="true" duration-ms="0" started-at="2018-03-31T15:30:47Z" finished-at="2018-03-31T15:30:47Z">
          <reporter-output>
          </reporter-output>
        </test-method> <!-- afterClass -->
        <test-method status="PASS" signature="afterTest()[pri:0, instance:testNGPackage.Test2@f57f347]" name="afterTest" is-config="true" duration-ms="0" started-at="2018-03-31T15:30:47Z" finished-at="2018-03-31T15:30:47Z">
          <reporter-output>
          </reporter-output>
        </test-method> <!-- afterTest -->
      </class> <!-- testNGPackage.Test2 -->
    </test> <!-- Default test -->
  </suite> <!-- Default suite -->
</testng-results>
