<?xml version="1.0" encoding="UTF-8"?>
<testng-results skipped="0" failed="0" total="1" passed="1">
  <reporter-output>
  </reporter-output>
  <suite name="Default suite" duration-ms="14590" started-at="2018-04-07T16:10:16Z" finished-at="2018-04-07T16:10:30Z">
    <groups>
    </groups>
    <test name="Default test" duration-ms="14590" started-at="2018-04-07T16:10:16Z" finished-at="2018-04-07T16:10:30Z">
      <class name="com.Orange.Scripts.VerifyLogin">
        <test-method status="PASS" signature="openApp()[pri:0, instance:com.Orange.Scripts.VerifyLogin@d2cc05a]" name="openApp" is-config="true" duration-ms="14485" started-at="2018-04-07T21:40:16Z" finished-at="2018-04-07T21:40:30Z">
          <reporter-output>
          </reporter-output>
        </test-method> <!-- openApp -->
        <test-method status="PASS" signature="verifyLogin()[pri:0, instance:com.Orange.Scripts.VerifyLogin@d2cc05a]" name="verifyLogin" duration-ms="76" started-at="2018-04-07T21:40:30Z" finished-at="2018-04-07T21:40:30Z">
          <reporter-output>
          </reporter-output>
        </test-method> <!-- verifyLogin -->
        <test-method status="PASS" signature="closeApp()[pri:0, instance:com.Orange.Scripts.VerifyLogin@d2cc05a]" name="closeApp" is-config="true" duration-ms="15" started-at="2018-04-07T21:40:30Z" finished-at="2018-04-07T21:40:30Z">
          <reporter-output>
          </reporter-output>
        </test-method> <!-- closeApp -->
      </class> <!-- com.Orange.Scripts.VerifyLogin -->
    </test> <!-- Default test -->
  </suite> <!-- Default suite -->
</testng-results>
